<?xml version="1.0" encoding="UTF-8"?>
<!-- Generated by org.testng.reporters.JUnitReportReporter -->
<testsuite hostname="DESKTOP-K9AO1P7" failures="0" tests="1" name="test.GoogleSearchPageTestNG2" time="11.225" errors="0" timestamp="2019-11-10T11:51:46 PST" skipped="0">
  <testcase classname="test.GoogleSearchPageTestNG2" name="googleSearchTest2" time="11.225"/>
</testsuite> <!-- test.GoogleSearchPageTestNG2 -->
